<?xml version="1.0" encoding="UTF-8"?>
<robot generator="Robot 7.2 (Python 3.13.1 on win32)" generated="2025-01-27T21:35:30.390437" rpa="false" schemaversion="5">
<suite id="s1" name="Inputbox" source="C:\Users\Administrator\OneDrive\Desktop\Robotframeworkpractice\TestCases\Inputbox.robot">
<test id="s1-t1" name="Inputbox" line="9">
<kw name="Open Browser" owner="SeleniumLibrary">
<msg time="2025-01-27T21:35:30.715083" level="WARN">exexcutable_path is being deprecated. Please use service to configure the driver's executable_path as per documentation.</msg>
<msg time="2025-01-27T21:35:30.715694" level="INFO">Opening browser 'chrome' to base url 'https://rahulshettyacademy.com/AutomationPractice/'.</msg>
<arg>${url}</arg>
<arg>${browser}</arg>
<arg>executable_path=C:/Users/Administrator/Downloads/chromedriver-win64/chromedriver-win64/chromedriver.exe</arg>
<doc>Opens a new browser instance to the optional ``url``.</doc>
<status status="PASS" start="2025-01-27T21:35:30.714784" elapsed="4.009918"/>
</kw>
<kw name="Maximize Browser Window" owner="SeleniumLibrary">
<doc>Maximizes current browser window.</doc>
<status status="PASS" start="2025-01-27T21:35:34.725196" elapsed="0.309087"/>
</kw>
<kw name="Sleep" owner="BuiltIn">
<msg time="2025-01-27T21:35:38.035705" level="INFO">Slept 3 seconds.</msg>
<arg>3s</arg>
<doc>Pauses the test executed for the given time.</doc>
<status status="PASS" start="2025-01-27T21:35:35.034911" elapsed="3.000943"/>
</kw>
<kw name="Title Should Be" owner="SeleniumLibrary">
<msg time="2025-01-27T21:35:38.043780" level="INFO">Page title is 'Practice Page'.</msg>
<arg>Practice Page</arg>
<doc>Verifies that the current page title equals ``title``.</doc>
<status status="PASS" start="2025-01-27T21:35:38.036314" elapsed="0.007621"/>
</kw>
<kw name="Sleep" owner="BuiltIn">
<msg time="2025-01-27T21:35:41.045227" level="INFO">Slept 3 seconds.</msg>
<arg>3s</arg>
<doc>Pauses the test executed for the given time.</doc>
<status status="PASS" start="2025-01-27T21:35:38.044329" elapsed="3.001445"/>
</kw>
<kw name="Click Link" owner="SeleniumLibrary">
<msg time="2025-01-27T21:35:41.048352" level="INFO">Clicking link 'xpath://a[@class='blinkingText']'.</msg>
<arg>xpath://a[@class='blinkingText']</arg>
<doc>Clicks a link identified by ``locator``.</doc>
<status status="PASS" start="2025-01-27T21:35:41.047066" elapsed="0.252927"/>
</kw>
<kw name="Sleep" owner="BuiltIn">
<msg time="2025-01-27T21:35:44.300957" level="INFO">Slept 3 seconds.</msg>
<arg>3s</arg>
<doc>Pauses the test executed for the given time.</doc>
<status status="PASS" start="2025-01-27T21:35:41.300468" elapsed="3.000597"/>
</kw>
<status status="PASS" start="2025-01-27T21:35:30.713828" elapsed="13.587590"/>
</test>
<status status="PASS" start="2025-01-27T21:35:30.392055" elapsed="13.910280"/>
</suite>
<statistics>
<total>
<stat pass="1" fail="0" skip="0">All Tests</stat>
</total>
<tag>
</tag>
<suite>
<stat name="Inputbox" id="s1" pass="1" fail="0" skip="0">Inputbox</stat>
</suite>
</statistics>
<errors>
<msg time="2025-01-27T21:35:30.715083" level="WARN">exexcutable_path is being deprecated. Please use service to configure the driver's executable_path as per documentation.</msg>
</errors>
</robot>
